WARNING 2024-01-05 01:01:19,666 log Not Found: /media/images/e27f6e64d41a43e795618160273d8ea5.jpg
WARNING 2024-01-05 01:01:19,699 log Not Found: /media/images/0679ae6a159241689186801b3cf69413.jpg
WARNING 2024-01-05 01:01:19,862 basehttp "GET /media/images/e27f6e64d41a43e795618160273d8ea5.jpg HTTP/1.1" 404 8518
WARNING 2024-01-05 01:01:19,864 basehttp "GET /media/images/0679ae6a159241689186801b3cf69413.jpg HTTP/1.1" 404 8518
WARNING 2024-01-05 01:01:19,906 log Not Found: /media/images/cd54d6df53b54ceeb149af30485f2004.jpg
WARNING 2024-01-05 01:01:19,924 basehttp "GET /media/images/cd54d6df53b54ceeb149af30485f2004.jpg HTTP/1.1" 404 8518
WARNING 2024-01-05 01:01:21,935 log Bad Request: /token/refresh/
WARNING 2024-01-05 01:01:22,017 basehttp "POST /token/refresh/ HTTP/1.1" 400 23
WARNING 2024-01-05 01:01:23,715 log Not Found: /media/images/5122b1428d954b77a1e967a97807c62a.jpg
WARNING 2024-01-05 01:01:23,767 basehttp "GET /media/images/5122b1428d954b77a1e967a97807c62a.jpg HTTP/1.1" 404 8518
WARNING 2024-01-05 01:01:23,989 log Not Found: /media/images/37a6129c89e94eb6a1ac6b62e449d2de.jpg
WARNING 2024-01-05 01:01:24,005 log Not Found: /media/images/49072ed13b094f89a587f4cc1adcc164.jpg
WARNING 2024-01-05 01:01:24,019 basehttp "GET /media/images/49072ed13b094f89a587f4cc1adcc164.jpg HTTP/1.1" 404 8518
WARNING 2024-01-05 01:01:24,009 basehttp "GET /media/images/37a6129c89e94eb6a1ac6b62e449d2de.jpg HTTP/1.1" 404 8518
WARNING 2024-01-05 01:01:24,042 log Not Found: /media/images/cae55bc51c944edbbc8490dbe735698b.jpg
WARNING 2024-01-05 01:01:24,057 basehttp "GET /media/images/cae55bc51c944edbbc8490dbe735698b.jpg HTTP/1.1" 404 8518
WARNING 2024-01-05 01:01:24,322 log Not Found: /media/images/b29357cfd7e24b6da4680e0246286480.jpg
WARNING 2024-01-05 01:01:24,350 basehttp "GET /media/images/b29357cfd7e24b6da4680e0246286480.jpg HTTP/1.1" 404 8518
WARNING 2024-01-05 01:01:24,408 log Not Found: /media/images/a98cfd49ed6a4d6bb8273c52006023b6.jpg
WARNING 2024-01-05 01:01:24,431 log Not Found: /media/images/ea63fc16d4314fbc99efb403b03b7a44.jpg
WARNING 2024-01-05 01:01:24,467 log Not Found: /media/images/673befba045b4c08a37907aa0e01adbb.jpg
WARNING 2024-01-05 01:01:24,549 basehttp "GET /media/images/a98cfd49ed6a4d6bb8273c52006023b6.jpg HTTP/1.1" 404 8518
WARNING 2024-01-05 01:01:24,551 basehttp "GET /media/images/ea63fc16d4314fbc99efb403b03b7a44.jpg HTTP/1.1" 404 8518
WARNING 2024-01-05 01:01:24,556 basehttp "GET /media/images/673befba045b4c08a37907aa0e01adbb.jpg HTTP/1.1" 404 8518
WARNING 2024-01-05 01:01:24,725 log Not Found: /media/images/9d293e3014df4aacb8d405940f43bee6.png
WARNING 2024-01-05 01:01:24,786 basehttp "GET /media/images/9d293e3014df4aacb8d405940f43bee6.png HTTP/1.1" 404 8518
WARNING 2024-01-05 01:01:24,977 log Not Found: /media/images/22c498e130304438b157a35011fb6904.jpg
WARNING 2024-01-05 01:01:25,019 log Not Found: /media/images/c432d94fafdd4b9fb638591c7148c72a.jpg
WARNING 2024-01-05 01:01:25,038 basehttp "GET /media/images/c432d94fafdd4b9fb638591c7148c72a.jpg HTTP/1.1" 404 8518
WARNING 2024-01-05 01:01:25,047 basehttp "GET /media/images/22c498e130304438b157a35011fb6904.jpg HTTP/1.1" 404 8518
WARNING 2024-01-05 01:01:25,074 log Not Found: /media/images/176420d890f649098c5d2e0d4e379451.jpg
WARNING 2024-01-05 01:01:25,106 basehttp "GET /media/images/176420d890f649098c5d2e0d4e379451.jpg HTTP/1.1" 404 8518
WARNING 2024-01-05 01:01:25,125 log Not Found: /media/images/b84a0cd51d66463dbf81f37799676b85.png
WARNING 2024-01-05 01:01:25,128 basehttp "GET /media/images/b84a0cd51d66463dbf81f37799676b85.png HTTP/1.1" 404 8518
